# JRE version: Java(TM) SE Runtime Environment (8.0_131-b11) (build 1.8.0_131-b11)
# Java VM: Java HotSpot(TM) 64-Bit Server VM (25.131-b11 mixed mode windows-amd64 compressed oops)
Heap:
 PSYoungGen      total 286208K, used 12504K [0x0000000715900000, 0x0000000729700000, 0x00000007c0000000)
  eden space 251392K, 4% used [0x0000000715900000,0x00000007165361e0,0x0000000724e80000)
  from space 34816K, 0% used [0x0000000727200000,0x0000000727200000,0x0000000729400000)
  to   space 36352K, 0% used [0x0000000724e80000,0x0000000724e80000,0x0000000727200000)
 ParOldGen       total 232960K, used 40377K [0x00000005c0a00000, 0x00000005ced80000, 0x0000000715900000)
  object space 232960K, 17% used [0x00000005c0a00000,0x00000005c316e5e0,0x00000005ced80000)
 Metaspace       used 27593K, capacity 28372K, committed 28800K, reserved 1075200K
  class space    used 3130K, capacity 3333K, committed 3456K, reserved 1048576K
GC Heap History (10 events):
Event: 2.798 GC heap before
{Heap before GC invocations=4 (full 1):
 PSYoungGen      total 153088K, used 21474K [0x0000000715900000, 0x0000000728400000, 0x00000007c0000000)
  eden space 131584K, 0% used [0x0000000715900000,0x0000000715900000,0x000000071d980000)
  from space 21504K, 99% used [0x000000071d980000,0x000000071ee78ab8,0x000000071ee80000)
  to   space 21504K, 0% used [0x0000000726f00000,0x0000000726f00000,0x0000000728400000)
 ParOldGen       total 349696K, used 2248K [0x00000005c0a00000, 0x00000005d5f80000, 0x0000000715900000)
  object space 349696K, 0% used [0x00000005c0a00000,0x00000005c0c32120,0x00000005d5f80000)
 Metaspace       used 20668K, capacity 21106K, committed 21296K, reserved 1069056K
  class space    used 2454K, capacity 2583K, committed 2688K, reserved 1048576K
Event: 2.931 GC heap after
Heap after GC invocations=4 (full 1):
 PSYoungGen      total 153088K, used 0K [0x0000000715900000, 0x0000000728400000, 0x00000007c0000000)
  eden space 131584K, 0% used [0x0000000715900000,0x0000000715900000,0x000000071d980000)
  from space 21504K, 0% used [0x000000071d980000,0x000000071d980000,0x000000071ee80000)
  to   space 21504K, 0% used [0x0000000726f00000,0x0000000726f00000,0x0000000728400000)
 ParOldGen       total 232960K, used 23577K [0x00000005c0a00000, 0x00000005ced80000, 0x0000000715900000)
  object space 232960K, 10% used [0x00000005c0a00000,0x00000005c21066c0,0x00000005ced80000)
 Metaspace       used 20668K, capacity 21106K, committed 21296K, reserved 1069056K
  class space    used 2454K, capacity 2583K, committed 2688K, reserved 1048576K
}
Event: 3.379 GC heap before
{Heap before GC invocations=5 (full 1):
 PSYoungGen      total 153088K, used 131584K [0x0000000715900000, 0x0000000728400000, 0x00000007c0000000)
  eden space 131584K, 100% used [0x0000000715900000,0x000000071d980000,0x000000071d980000)
  from space 21504K, 0% used [0x000000071d980000,0x000000071d980000,0x000000071ee80000)
  to   space 21504K, 0% used [0x0000000726f00000,0x0000000726f00000,0x0000000728400000)
 ParOldGen       total 232960K, used 23577K [0x00000005c0a00000, 0x00000005ced80000, 0x0000000715900000)
  object space 232960K, 10% used [0x00000005c0a00000,0x00000005c21066c0,0x00000005ced80000)
 Metaspace       used 21651K, capacity 22098K, committed 22320K, reserved 1069056K
  class space    used 2502K, capacity 2679K, committed 2688K, reserved 1048576K
Event: 3.393 GC heap after
Heap after GC invocations=5 (full 1):
 PSYoungGen      total 202752K, used 16724K [0x0000000715900000, 0x0000000727f80000, 0x00000007c0000000)
  eden space 185856K, 0% used [0x0000000715900000,0x0000000715900000,0x0000000720e80000)
  from space 16896K, 98% used [0x0000000726f00000,0x0000000727f551c8,0x0000000727f80000)
  to   space 21504K, 0% used [0x0000000725580000,0x0000000725580000,0x0000000726a80000)
 ParOldGen       total 232960K, used 23585K [0x00000005c0a00000, 0x00000005ced80000, 0x0000000715900000)
  object space 232960K, 10% used [0x00000005c0a00000,0x00000005c21086c0,0x00000005ced80000)
 Metaspace       used 21651K, capacity 22098K, committed 22320K, reserved 1069056K
  class space    used 2502K, capacity 2679K, committed 2688K, reserved 1048576K
}
Event: 6.245 GC heap before
{Heap before GC invocations=6 (full 1):
 PSYoungGen      total 202752K, used 202580K [0x0000000715900000, 0x0000000727f80000, 0x00000007c0000000)
  eden space 185856K, 100% used [0x0000000715900000,0x0000000720e80000,0x0000000720e80000)
  from space 16896K, 98% used [0x0000000726f00000,0x0000000727f551c8,0x0000000727f80000)
  to   space 21504K, 0% used [0x0000000725580000,0x0000000725580000,0x0000000726a80000)
 ParOldGen       total 232960K, used 23585K [0x00000005c0a00000, 0x00000005ced80000, 0x0000000715900000)
  object space 232960K, 10% used [0x00000005c0a00000,0x00000005c21086c0,0x00000005ced80000)
 Metaspace       used 24335K, capacity 24982K, committed 25216K, reserved 1071104K
  class space    used 2705K, capacity 2850K, committed 2944K, reserved 1048576K
Event: 6.268 GC heap after
Heap after GC invocations=6 (full 1):
 PSYoungGen      total 274432K, used 21482K [0x0000000715900000, 0x0000000729400000, 0x00000007c0000000)
  eden space 252928K, 0% used [0x0000000715900000,0x0000000715900000,0x0000000725000000)
  from space 21504K, 99% used [0x0000000725580000,0x0000000726a7a8d0,0x0000000726a80000)
  to   space 34816K, 0% used [0x0000000727200000,0x0000000727200000,0x0000000729400000)
 ParOldGen       total 232960K, used 37758K [0x00000005c0a00000, 0x00000005ced80000, 0x0000000715900000)
  object space 232960K, 16% used [0x00000005c0a00000,0x00000005c2edf988,0x00000005ced80000)
 Metaspace       used 24335K, capacity 24982K, committed 25216K, reserved 1071104K
  class space    used 2705K, capacity 2850K, committed 2944K, reserved 1048576K
}
Event: 7.598 GC heap before
{Heap before GC invocations=7 (full 1):
 PSYoungGen      total 274432K, used 122076K [0x0000000715900000, 0x0000000729400000, 0x00000007c0000000)
  eden space 252928K, 39% used [0x0000000715900000,0x000000071bb3c860,0x0000000725000000)
  from space 21504K, 99% used [0x0000000725580000,0x0000000726a7a8d0,0x0000000726a80000)
  to   space 34816K, 0% used [0x0000000727200000,0x0000000727200000,0x0000000729400000)
 ParOldGen       total 232960K, used 37758K [0x00000005c0a00000, 0x00000005ced80000, 0x0000000715900000)
  object space 232960K, 16% used [0x00000005c0a00000,0x00000005c2edf988,0x00000005ced80000)
 Metaspace       used 27656K, capacity 28448K, committed 28800K, reserved 1075200K
  class space    used 3137K, capacity 3341K, committed 3456K, reserved 1048576K
Event: 7.615 GC heap after
Heap after GC invocations=7 (full 1):
 PSYoungGen      total 286208K, used 28816K [0x0000000715900000, 0x0000000729700000, 0x00000007c0000000)
  eden space 251392K, 0% used [0x0000000715900000,0x0000000715900000,0x0000000724e80000)
  from space 34816K, 82% used [0x0000000727200000,0x0000000728e240a8,0x0000000729400000)
  to   space 36352K, 0% used [0x0000000724e80000,0x0000000724e80000,0x0000000727200000)
 ParOldGen       total 232960K, used 37766K [0x00000005c0a00000, 0x00000005ced80000, 0x0000000715900000)
  object space 232960K, 16% used [0x00000005c0a00000,0x00000005c2ee1988,0x00000005ced80000)
 Metaspace       used 27656K, capacity 28448K, committed 28800K, reserved 1075200K
  class space    used 3137K, capacity 3341K, committed 3456K, reserved 1048576K
}
Event: 7.615 GC heap before
{Heap before GC invocations=8 (full 2):
 PSYoungGen      total 286208K, used 28816K [0x0000000715900000, 0x0000000729700000, 0x00000007c0000000)
  eden space 251392K, 0% used [0x0000000715900000,0x0000000715900000,0x0000000724e80000)
  from space 34816K, 82% used [0x0000000727200000,0x0000000728e240a8,0x0000000729400000)
  to   space 36352K, 0% used [0x0000000724e80000,0x0000000724e80000,0x0000000727200000)
 ParOldGen       total 232960K, used 37766K [0x00000005c0a00000, 0x00000005ced80000, 0x0000000715900000)
  object space 232960K, 16% used [0x00000005c0a00000,0x00000005c2ee1988,0x00000005ced80000)
 Metaspace       used 27656K, capacity 28448K, committed 28800K, reserved 1075200K
  class space    used 3137K, capacity 3341K, committed 3456K, reserved 1048576K
Event: 7.709 GC heap after
Heap after GC invocations=8 (full 2):
 PSYoungGen      total 286208K, used 0K [0x0000000715900000, 0x0000000729700000, 0x00000007c0000000)
  eden space 251392K, 0% used [0x0000000715900000,0x0000000715900000,0x0000000724e80000)
  from space 34816K, 0% used [0x0000000727200000,0x0000000727200000,0x0000000729400000)
  to   space 36352K, 0% used [0x0000000724e80000,0x0000000724e80000,0x0000000727200000)
 ParOldGen       total 232960K, used 40377K [0x00000005c0a00000, 0x00000005ced80000, 0x0000000715900000)
  object space 232960K, 17% used [0x00000005c0a00000,0x00000005c316e5e0,0x00000005ced80000)
 Metaspace       used 27585K, capacity 28372K, committed 28800K, reserved 1075200K
  class space    used 3130K, capacity 3333K, committed 3456K, reserved 1048576K
}

